ffmpeg version N-95015-gba24b24aab Copyright (c) 2000-2019 the FFmpeg developers
  built with gcc 9.2.1 (GCC) 20190918
  configuration: --enable-gpl --enable-version3 --enable-sdl2 --enable-fontconfig --enable-gnutls --enable-iconv --enable-libass --enable-libdav1d --enable-libbluray --enable-libfreetype --enable-libmp3lame --enable-libopencore-amrnb --enable-libopencore-amrwb --enable-libopenjpeg --enable-libopus --enable-libshine --enable-libsnappy --enable-libsoxr --enable-libtheora --enable-libtwolame --enable-libvpx --enable-libwavpack --enable-libwebp --enable-libx264 --enable-libx265 --enable-libxml2 --enable-libzimg --enable-lzma --enable-zlib --enable-gmp --enable-libvidstab --enable-libvorbis --enable-libvo-amrwbenc --enable-libmysofa --enable-libspeex --enable-libxvid --enable-libaom --enable-libmfx --enable-ffnvcodec --enable-cuvid --enable-d3d11va --enable-nvenc --enable-nvdec --enable-dxva2 --enable-avisynth --enable-libopenmpt --enable-amf
  libavutil      56. 35.100 / 56. 35.100
  libavcodec     58. 58.101 / 58. 58.101
  libavformat    58. 33.100 / 58. 33.100
  libavdevice    58.  9.100 / 58.  9.100
  libavfilter     7. 58.102 /  7. 58.102
  libswscale      5.  6.100 /  5.  6.100
  libswresample   3.  6.100 /  3.  6.100
  libpostproc    55.  6.100 / 55.  6.100
Splitting the commandline.
Reading option '-v' ... matched as option 'v' (set logging level) with argument 'debug'.
Reading option '-nostdin' ... matched as option 'stdin' (enable or disable interaction on standard input) with argument 0.
Reading option '-progress' ... matched as option 'progress' (write program-readable progress information) with argument 'C:/Users/Sarah/AppData/Local/Temp/KritaFFmpegProgress.hpLXHM'.
Reading option '-r' ... matched as option 'r' (set frame rate (Hz value, fraction or abbreviation)) with argument '12'.
Reading option '-start_number' ... matched as AVOption 'start_number' with argument '0'.
Reading option '-i' ... matched as input url with argument 'D:/FH/4 Semester/GDP/Mushroom/Animations/frame%04d.png'.
Reading option '-crf' ... matched as AVOption 'crf' with argument '23'.
Reading option '-preset' ... matched as AVOption 'preset' with argument 'medium'.
Reading option '-profile:v' ... matched as option 'profile' (set profile) with argument 'baseline'.
Reading option '-pix_fmt' ... matched as option 'pix_fmt' (set pixel format) with argument 'yuv420p'.
Reading option '-y' ... matched as option 'y' (overwrite output files) with argument '1'.
Reading option 'D:/FH/4 Semester/GDP/Mushroom/Animations/ShroomTest.mp4' ... matched as output url.
Finished splitting the commandline.
Parsing a group of options: global .
Applying option v (set logging level) with argument debug.
Applying option nostdin (enable or disable interaction on standard input) with argument 0.
Applying option progress (write program-readable progress information) with argument C:/Users/Sarah/AppData/Local/Temp/KritaFFmpegProgress.hpLXHM.
[file @ 000001786f3facc0] Setting default whitelist 'file,crypto'
Applying option y (overwrite output files) with argument 1.
Successfully parsed a group of options.
Parsing a group of options: input url D:/FH/4 Semester/GDP/Mushroom/Animations/frame%04d.png.
Applying option r (set frame rate (Hz value, fraction or abbreviation)) with argument 12.
Successfully parsed a group of options.
Opening an input file: D:/FH/4 Semester/GDP/Mushroom/Animations/frame%04d.png.
[image2 @ 000001786f43b8c0] Opening 'D:/FH/4 Semester/GDP/Mushroom/Animations/frame0000.png' for reading
[file @ 000001786f43ef40] Setting default whitelist 'file,crypto'
[AVIOContext @ 000001786f447100] Statistics: 124580 bytes read, 0 seeks
[image2 @ 000001786f43b8c0] Opening 'D:/FH/4 Semester/GDP/Mushroom/Animations/frame0001.png' for reading
[file @ 000001786f465ac0] Setting default whitelist 'file,crypto'
[AVIOContext @ 000001786f46fd80] Statistics: 124580 bytes read, 0 seeks
[image2 @ 000001786f43b8c0] Opening 'D:/FH/4 Semester/GDP/Mushroom/Animations/frame0002.png' for reading
[file @ 000001786f445f40] Setting default whitelist 'file,crypto'
[AVIOContext @ 000001786f46fd80] Statistics: 124580 bytes read, 0 seeks
[image2 @ 000001786f43b8c0] Opening 'D:/FH/4 Semester/GDP/Mushroom/Animations/frame0003.png' for reading
[file @ 000001786f4461c0] Setting default whitelist 'file,crypto'
[AVIOContext @ 000001786f46fd80] Statistics: 116092 bytes read, 0 seeks
[image2 @ 000001786f43b8c0] Opening 'D:/FH/4 Semester/GDP/Mushroom/Animations/frame0004.png' for reading
[file @ 000001786f4461c0] Setting default whitelist 'file,crypto'
[AVIOContext @ 000001786f46fd80] Statistics: 116092 bytes read, 0 seeks
[image2 @ 000001786f43b8c0] Opening 'D:/FH/4 Semester/GDP/Mushroom/Animations/frame0005.png' for reading
[file @ 000001786f446500] Setting default whitelist 'file,crypto'
[AVIOContext @ 000001786f46fd80] Statistics: 102020 bytes read, 0 seeks
[image2 @ 000001786f43b8c0] Opening 'D:/FH/4 Semester/GDP/Mushroom/Animations/frame0006.png' for reading
[file @ 000001786f4466c0] Setting default whitelist 'file,crypto'
[AVIOContext @ 000001786f46fd80] Statistics: 102020 bytes read, 0 seeks
[image2 @ 000001786f43b8c0] Opening 'D:/FH/4 Semester/GDP/Mushroom/Animations/frame0007.png' for reading
[file @ 000001786f4468c0] Setting default whitelist 'file,crypto'
[AVIOContext @ 000001786f46fd80] Statistics: 119472 bytes read, 0 seeks
[image2 @ 000001786f43b8c0] Opening 'D:/FH/4 Semester/GDP/Mushroom/Animations/frame0008.png' for reading
[file @ 000001786f446a80] Setting default whitelist 'file,crypto'
[AVIOContext @ 000001786f46fd80] Statistics: 152784 bytes read, 0 seeks
[image2 @ 000001786f43b8c0] Opening 'D:/FH/4 Semester/GDP/Mushroom/Animations/frame0009.png' for reading
[file @ 000001786f446c80] Setting default whitelist 'file,crypto'
[AVIOContext @ 000001786f46fd80] Statistics: 168585 bytes read, 0 seeks
[image2 @ 000001786f43b8c0] Opening 'D:/FH/4 Semester/GDP/Mushroom/Animations/frame0010.png' for reading
[file @ 000001786f446e40] Setting default whitelist 'file,crypto'
[AVIOContext @ 000001786f46fd80] Statistics: 132348 bytes read, 0 seeks
[image2 @ 000001786f43b8c0] Opening 'D:/FH/4 Semester/GDP/Mushroom/Animations/frame0011.png' for reading
[file @ 000001786f446f00] Setting default whitelist 'file,crypto'
[AVIOContext @ 000001786f46fd80] Statistics: 107445 bytes read, 0 seeks
[image2 @ 000001786f43b8c0] Opening 'D:/FH/4 Semester/GDP/Mushroom/Animations/frame0012.png' for reading
[file @ 000001786f446f00] Setting default whitelist 'file,crypto'
[AVIOContext @ 000001786f46fd80] Statistics: 111025 bytes read, 0 seeks
[image2 @ 000001786f43b8c0] Opening 'D:/FH/4 Semester/GDP/Mushroom/Animations/frame0013.png' for reading
[file @ 000001786f446f00] Setting default whitelist 'file,crypto'
[AVIOContext @ 000001786f46fd80] Statistics: 122722 bytes read, 0 seeks
[image2 @ 000001786f43b8c0] Opening 'D:/FH/4 Semester/GDP/Mushroom/Animations/frame0014.png' for reading
[file @ 000001786f446f00] Setting default whitelist 'file,crypto'
[AVIOContext @ 000001786f46fd80] Statistics: 120548 bytes read, 0 seeks
[image2 @ 000001786f43b8c0] Opening 'D:/FH/4 Semester/GDP/Mushroom/Animations/frame0015.png' for reading
[file @ 000001786f446f00] Setting default whitelist 'file,crypto'
[AVIOContext @ 000001786f46fd80] Statistics: 119330 bytes read, 0 seeks
[image2 @ 000001786f43b8c0] Opening 'D:/FH/4 Semester/GDP/Mushroom/Animations/frame0016.png' for reading
[file @ 000001786f446f00] Setting default whitelist 'file,crypto'
[AVIOContext @ 000001786f46fd80] Statistics: 132348 bytes read, 0 seeks
[image2 @ 000001786f43b8c0] Opening 'D:/FH/4 Semester/GDP/Mushroom/Animations/frame0017.png' for reading
[file @ 000001786f446f00] Setting default whitelist 'file,crypto'
[AVIOContext @ 000001786f46fd80] Statistics: 107445 bytes read, 0 seeks
[image2 @ 000001786f43b8c0] Opening 'D:/FH/4 Semester/GDP/Mushroom/Animations/frame0018.png' for reading
[file @ 000001786f446f00] Setting default whitelist 'file,crypto'
[AVIOContext @ 000001786f46fd80] Statistics: 111025 bytes read, 0 seeks
[image2 @ 000001786f43b8c0] Opening 'D:/FH/4 Semester/GDP/Mushroom/Animations/frame0019.png' for reading
[file @ 000001786f446f00] Setting default whitelist 'file,crypto'
[AVIOContext @ 000001786f46fd80] Statistics: 122722 bytes read, 0 seeks
[image2 @ 000001786f43b8c0] Opening 'D:/FH/4 Semester/GDP/Mushroom/Animations/frame0020.png' for reading
[file @ 000001786f446f00] Setting default whitelist 'file,crypto'
[AVIOContext @ 000001786f46fd80] Statistics: 120548 bytes read, 0 seeks
[image2 @ 000001786f43b8c0] Opening 'D:/FH/4 Semester/GDP/Mushroom/Animations/frame0021.png' for reading
[file @ 000001786f446f00] Setting default whitelist 'file,crypto'
[AVIOContext @ 000001786f46fd80] Statistics: 119330 bytes read, 0 seeks
[image2 @ 000001786f43b8c0] Opening 'D:/FH/4 Semester/GDP/Mushroom/Animations/frame0022.png' for reading
[file @ 000001786f446f00] Setting default whitelist 'file,crypto'
[AVIOContext @ 000001786f46fd80] Statistics: 132348 bytes read, 0 seeks
[image2 @ 000001786f43b8c0] Opening 'D:/FH/4 Semester/GDP/Mushroom/Animations/frame0023.png' for reading
[file @ 000001786f446f00] Setting default whitelist 'file,crypto'
[AVIOContext @ 000001786f46fd80] Statistics: 107445 bytes read, 0 seeks
[image2 @ 000001786f43b8c0] Opening 'D:/FH/4 Semester/GDP/Mushroom/Animations/frame0024.png' for reading
[file @ 000001786f446f00] Setting default whitelist 'file,crypto'
[AVIOContext @ 000001786f46fd80] Statistics: 111025 bytes read, 0 seeks
[image2 @ 000001786f43b8c0] Opening 'D:/FH/4 Semester/GDP/Mushroom/Animations/frame0025.png' for reading
[file @ 000001786f446f00] Setting default whitelist 'file,crypto'
[AVIOContext @ 000001786f46fd80] Statistics: 122722 bytes read, 0 seeks
[image2 @ 000001786f43b8c0] Opening 'D:/FH/4 Semester/GDP/Mushroom/Animations/frame0026.png' for reading
[file @ 000001786f446f00] Setting default whitelist 'file,crypto'
[AVIOContext @ 000001786f46fd80] Statistics: 120548 bytes read, 0 seeks
[image2 @ 000001786f43b8c0] Opening 'D:/FH/4 Semester/GDP/Mushroom/Animations/frame0027.png' for reading
[file @ 000001786f446f00] Setting default whitelist 'file,crypto'
[AVIOContext @ 000001786f46fd80] Statistics: 119330 bytes read, 0 seeks
[image2 @ 000001786f43b8c0] Opening 'D:/FH/4 Semester/GDP/Mushroom/Animations/frame0028.png' for reading
[file @ 000001786f446f00] Setting default whitelist 'file,crypto'
[AVIOContext @ 000001786f46fd80] Statistics: 132348 bytes read, 0 seeks
[image2 @ 000001786f43b8c0] Opening 'D:/FH/4 Semester/GDP/Mushroom/Animations/frame0029.png' for reading
[file @ 000001786f446f00] Setting default whitelist 'file,crypto'
[AVIOContext @ 000001786f46fd80] Statistics: 107445 bytes read, 0 seeks
[image2 @ 000001786f43b8c0] Opening 'D:/FH/4 Semester/GDP/Mushroom/Animations/frame0030.png' for reading
[file @ 000001786f446f00] Setting default whitelist 'file,crypto'
[AVIOContext @ 000001786f46fd80] Statistics: 111025 bytes read, 0 seeks
[image2 @ 000001786f43b8c0] Opening 'D:/FH/4 Semester/GDP/Mushroom/Animations/frame0031.png' for reading
[file @ 000001786f446f00] Setting default whitelist 'file,crypto'
[AVIOContext @ 000001786f46fd80] Statistics: 122722 bytes read, 0 seeks
[image2 @ 000001786f43b8c0] Opening 'D:/FH/4 Semester/GDP/Mushroom/Animations/frame0032.png' for reading
[file @ 000001786f446f00] Setting default whitelist 'file,crypto'
[AVIOContext @ 000001786f46fd80] Statistics: 120548 bytes read, 0 seeks
[image2 @ 000001786f43b8c0] Opening 'D:/FH/4 Semester/GDP/Mushroom/Animations/frame0033.png' for reading
[file @ 000001786f446f00] Setting default whitelist 'file,crypto'
[AVIOContext @ 000001786f46fd80] Statistics: 119330 bytes read, 0 seeks
[image2 @ 000001786f43b8c0] Opening 'D:/FH/4 Semester/GDP/Mushroom/Animations/frame0034.png' for reading
[file @ 000001786f4676c0] Setting default whitelist 'file,crypto'
[AVIOContext @ 000001786f46fd80] Statistics: 132348 bytes read, 0 seeks
[image2 @ 000001786f43b8c0] Opening 'D:/FH/4 Semester/GDP/Mushroom/Animations/frame0035.png' for reading
[file @ 000001786f4676c0] Setting default whitelist 'file,crypto'
[AVIOContext @ 000001786f46fd80] Statistics: 107445 bytes read, 0 seeks
[image2 @ 000001786f43b8c0] Opening 'D:/FH/4 Semester/GDP/Mushroom/Animations/frame0036.png' for reading
[file @ 000001786f4676c0] Setting default whitelist 'file,crypto'
[AVIOContext @ 000001786f46fd80] Statistics: 111025 bytes read, 0 seeks
[image2 @ 000001786f43b8c0] Opening 'D:/FH/4 Semester/GDP/Mushroom/Animations/frame0037.png' for reading
[file @ 000001786f4676c0] Setting default whitelist 'file,crypto'
[AVIOContext @ 000001786f46fd80] Statistics: 122722 bytes read, 0 seeks
[image2 @ 000001786f43b8c0] Opening 'D:/FH/4 Semester/GDP/Mushroom/Animations/frame0038.png' for reading
[file @ 000001786f4676c0] Setting default whitelist 'file,crypto'
[AVIOContext @ 000001786f46fd80] Statistics: 120548 bytes read, 0 seeks
[image2 @ 000001786f43b8c0] Opening 'D:/FH/4 Semester/GDP/Mushroom/Animations/frame0039.png' for reading
[file @ 000001786f4676c0] Setting default whitelist 'file,crypto'
[AVIOContext @ 000001786f46fd80] Statistics: 119330 bytes read, 0 seeks
[image2 @ 000001786f43b8c0] Opening 'D:/FH/4 Semester/GDP/Mushroom/Animations/frame0040.png' for reading
[file @ 000001786f4676c0] Setting default whitelist 'file,crypto'
[AVIOContext @ 000001786f46fd80] Statistics: 132707 bytes read, 0 seeks
Input #0, image2, from 'D:/FH/4 Semester/GDP/Mushroom/Animations/frame%04d.png':
  Duration: 00:00:01.64, start: 0.000000, bitrate: N/A
    Stream #0:0, 41, 1/25: Video: png, 1 reference frame, rgba(pc), 1200x1050 [SAR 7874:7874 DAR 8:7], 0/1, 25 fps, 25 tbr, 25 tbn, 25 tbc
Successfully opened the file.
Parsing a group of options: output url D:/FH/4 Semester/GDP/Mushroom/Animations/ShroomTest.mp4.
Applying option profile:v (set profile) with argument baseline.
Applying option pix_fmt (set pixel format) with argument yuv420p.
Successfully parsed a group of options.
Opening an output file: D:/FH/4 Semester/GDP/Mushroom/Animations/ShroomTest.mp4.
[file @ 000001786f468fc0] Setting default whitelist 'file,crypto'
Successfully opened the file.
detected 12 logical cores
Stream mapping:
  Stream #0:0 -> #0:0 (png (native) -> h264 (libx264))
cur_dts is invalid st:0 (0) [init:0 i_done:0 finish:0] (this is harmless if it occurs once at the start per stream)
    Last message repeated 12 times
[graph 0 input from stream 0:0 @ 000001786f48e680] Setting 'video_size' to value '1200x1050'
[graph 0 input from stream 0:0 @ 000001786f48e680] Setting 'pix_fmt' to value '26'
[graph 0 input from stream 0:0 @ 000001786f48e680] Setting 'time_base' to value '1/12'
[graph 0 input from stream 0:0 @ 000001786f48e680] Setting 'pixel_aspect' to value '7874/7874'
[graph 0 input from stream 0:0 @ 000001786f48e680] Setting 'sws_param' to value 'flags=2'
[graph 0 input from stream 0:0 @ 000001786f48e680] Setting 'frame_rate' to value '12/1'
[graph 0 input from stream 0:0 @ 000001786f48e680] w:1200 h:1050 pixfmt:rgba tb:1/12 fr:12/1 sar:7874/7874 sws_param:flags=2
[format @ 000001786f446840] Setting 'pix_fmts' to value 'yuv420p'
[auto_scaler_0 @ 000001786f446480] Setting 'flags' to value 'bicubic'
[auto_scaler_0 @ 000001786f446480] w:iw h:ih flags:'bicubic' interl:0
[format @ 000001786f446840] auto-inserting filter 'auto_scaler_0' between the filter 'Parsed_null_0' and the filter 'format'
[AVFilterGraph @ 000001786f4c9600] query_formats: 4 queried, 2 merged, 1 already done, 0 delayed
[auto_scaler_0 @ 000001786f446480] w:1200 h:1050 fmt:rgba sar:7874/7874 -> w:1200 h:1050 fmt:yuv420p sar:1/1 flags:0x4
[libx264 @ 000001786f467fc0] using mv_range_thread = 24
[libx264 @ 000001786f467fc0] using SAR=1/1
[libx264 @ 000001786f467fc0] using cpu capabilities: MMX2 SSE2Fast SSSE3 SSE4.2 AVX FMA3 BMI2 AVX2
[libx264 @ 000001786f467fc0] profile Constrained Baseline, level 3.2, 4:2:0, 8-bit
[libx264 @ 000001786f467fc0] 264 - core 158 r2984 3759fcb - H.264/MPEG-4 AVC codec - Copyleft 2003-2019 - http://www.videolan.org/x264.html - options: cabac=0 ref=3 deblock=1:0:0 analyse=0x1:0x111 me=hex subme=7 psy=1 psy_rd=1.00:0.00 mixed_ref=1 me_range=16 chroma_me=1 trellis=1 8x8dct=0 cqm=0 deadzone=21,11 fast_pskip=1 chroma_qp_offset=-2 threads=18 lookahead_threads=3 sliced_threads=0 nr=0 decimate=1 interlaced=0 bluray_compat=0 constrained_intra=0 bframes=0 weightp=0 keyint=250 keyint_min=12 scenecut=40 intra_refresh=0 rc_lookahead=40 rc=crf mbtree=1 crf=23.0 qcomp=0.60 qpmin=0 qpmax=69 qpstep=4 ip_ratio=1.40 aq=1:1.00
Output #0, mp4, to 'D:/FH/4 Semester/GDP/Mushroom/Animations/ShroomTest.mp4':
  Metadata:
    encoder         : Lavf58.33.100
    Stream #0:0, 0, 1/12288: Video: h264 (libx264), 1 reference frame (avc1 / 0x31637661), yuv420p, 1200x1050 [SAR 1:1 DAR 8:7], 0/1, q=-1--1, 12 fps, 12288 tbn, 12 tbc
    Metadata:
      encoder         : Lavc58.58.101 libx264
    Side data:
      cpb: bitrate max/min/avg: 0/0/0 buffer size: 0 vbv_delay: N/A
Clipping frame in rate conversion by 0.000008
cur_dts is invalid st:0 (0) [init:1 i_done:0 finish:0] (this is harmless if it occurs once at the start per stream)
    Last message repeated 41 times
[out_0_0 @ 000001786f446c00] EOF on sink link out_0_0:default.
No more output streams to write to, finishing.
[libx264 @ 000001786f467fc0] scene cut at 8 Icost:422302 Pcost:402352 ratio:0.0472 bias:0.0667 gop:8 (imb:1760 pmb:2912)
[libx264 @ 000001786f467fc0] scene cut at 9 Icost:375955 Pcost:361070 ratio:0.0396 bias:0.0750 gop:9 (imb:2273 pmb:2399)
    Last message repeated 1 times
[libx264 @ 000001786f467fc0] scene cut at 10 Icost:316786 Pcost:291073 ratio:0.0812 bias:0.0833 gop:10 (imb:2401 pmb:2271)
    Last message repeated 1 times
[libx264 @ 000001786f467fc0] scene cut at 11 Icost:272533 Pcost:249809 ratio:0.0834 bias:0.0917 gop:11 (imb:1339 pmb:3333)
    Last message repeated 1 times
[libx264 @ 000001786f467fc0] scene cut at 12 Icost:278161 Pcost:253904 ratio:0.0872 bias:0.1000 gop:12 (imb:2378 pmb:2294)
    Last message repeated 1 times
[libx264 @ 000001786f467fc0] scene cut at 22 Icost:316786 Pcost:295841 ratio:0.0661 bias:0.0833 gop:10 (imb:2233 pmb:2439)
[libx264 @ 000001786f467fc0] scene cut at 23 Icost:272533 Pcost:249809 ratio:0.0834 bias:0.0917 gop:11 (imb:1339 pmb:3333)
    Last message repeated 1 times
[libx264 @ 000001786f467fc0] scene cut at 24 Icost:278161 Pcost:253904 ratio:0.0872 bias:0.1000 gop:12 (imb:2378 pmb:2294)
    Last message repeated 1 times
[libx264 @ 000001786f467fc0] scene cut at 34 Icost:316786 Pcost:295841 ratio:0.0661 bias:0.0833 gop:10 (imb:2233 pmb:2439)
[libx264 @ 000001786f467fc0] scene cut at 35 Icost:272533 Pcost:249809 ratio:0.0834 bias:0.0917 gop:11 (imb:1339 pmb:3333)
    Last message repeated 1 times
[libx264 @ 000001786f467fc0] scene cut at 36 Icost:278161 Pcost:253904 ratio:0.0872 bias:0.1000 gop:12 (imb:2378 pmb:2294)
    Last message repeated 1 times
[libx264 @ 000001786f467fc0] frame=   0 QP=9.75 NAL=3 Slice:I Poc:0   I:4950 P:0    SKIP:0    size=10318 bytes
[libx264 @ 000001786f467fc0] frame=   1 QP=15.44 NAL=2 Slice:P Poc:2   I:3    P:16   SKIP:4931 size=80 bytes
[libx264 @ 000001786f467fc0] frame=   2 QP=11.00 NAL=2 Slice:P Poc:4   I:0    P:0    SKIP:4950 size=12 bytes
[libx264 @ 000001786f467fc0] frame=   3 QP=21.30 NAL=2 Slice:P Poc:6   I:276  P:115  SKIP:4559 size=7234 bytes
[libx264 @ 000001786f467fc0] frame=   4 QP=10.47 NAL=2 Slice:P Poc:8   I:3    P:8    SKIP:4939 size=46 bytes
[libx264 @ 000001786f467fc0] frame=   5 QP=18.47 NAL=2 Slice:P Poc:10  I:202  P:176  SKIP:4572 size=4948 bytes
[libx264 @ 000001786f467fc0] frame=   6 QP=11.14 NAL=2 Slice:P Poc:12  I:10   P:12   SKIP:4928 size=76 bytes
[libx264 @ 000001786f467fc0] frame=   7 QP=22.37 NAL=2 Slice:P Poc:14  I:232  P:135  SKIP:4583 size=5610 bytes
[libx264 @ 000001786f467fc0] frame=   8 QP=9.35 NAL=2 Slice:I Poc:16  I:4950 P:0    SKIP:0    size=14575 bytes
[libx264 @ 000001786f467fc0] frame=   9 QP=12.40 NAL=2 Slice:I Poc:18  I:4950 P:0    SKIP:0    size=12232 bytes
[libx264 @ 000001786f467fc0] frame=  10 QP=12.04 NAL=2 Slice:I Poc:20  I:4950 P:0    SKIP:0    size=10465 bytes
[libx264 @ 000001786f467fc0] frame=  11 QP=11.87 NAL=2 Slice:I Poc:22  I:4950 P:0    SKIP:0    size=9583 bytes
[libx264 @ 000001786f467fc0] frame=  12 QP=10.16 NAL=3 Slice:I Poc:0   I:4950 P:0    SKIP:0    size=9637 bytes
[libx264 @ 000001786f467fc0] frame=  13 QP=14.63 NAL=2 Slice:P Poc:2   I:329  P:90   SKIP:4531 size=5938 bytes
[libx264 @ 000001786f467fc0] frame=  14 QP=16.80 NAL=2 Slice:P Poc:4   I:288  P:121  SKIP:4541 size=6795 bytes
[libx264 @ 000001786f467fc0] frame=  15 QP=16.52 NAL=2 Slice:P Poc:6   I:277  P:125  SKIP:4548 size=5483 bytes
[libx264 @ 000001786f467fc0] frame=  16 QP=17.27 NAL=2 Slice:P Poc:8   I:384  P:76   SKIP:4490 size=7006 bytes
[libx264 @ 000001786f467fc0] frame=  17 QP=18.69 NAL=2 Slice:P Poc:10  I:335  P:87   SKIP:4528 size=6048 bytes
[libx264 @ 000001786f467fc0] frame=  18 QP=15.72 NAL=2 Slice:P Poc:12  I:257  P:126  SKIP:4567 size=5734 bytes
[libx264 @ 000001786f467fc0] frame=  19 QP=15.02 NAL=2 Slice:P Poc:14  I:293  P:128  SKIP:4529 size=5783 bytes
[libx264 @ 000001786f467fc0] frame=  20 QP=14.53 NAL=2 Slice:P Poc:16  I:325  P:98   SKIP:4527 size=6807 bytes
[libx264 @ 000001786f467fc0] frame=  21 QP=17.12 NAL=2 Slice:P Poc:18  I:281  P:117  SKIP:4552 size=5485 bytes
[libx264 @ 000001786f467fc0] frame=  22 QP=10.02 NAL=2 Slice:I Poc:20  I:4950 P:0    SKIP:0    size=11910 bytes
[libx264 @ 000001786f467fc0] frame=  23 QP=11.87 NAL=2 Slice:I Poc:22  I:4950 P:0    SKIP:0    size=9583 bytes
[libx264 @ 000001786f467fc0] frame=  24 QP=10.16 NAL=3 Slice:I Poc:0   I:4950 P:0    SKIP:0    size=9637 bytes
[libx264 @ 000001786f467fc0] frame=  25 QP=14.63 NAL=2 Slice:P Poc:2   I:329  P:90   SKIP:4531 size=5938 bytes
[libx264 @ 000001786f467fc0] frame=  26 QP=16.80 NAL=2 Slice:P Poc:4   I:288  P:121  SKIP:4541 size=6795 bytes
[libx264 @ 000001786f467fc0] frame=  27 QP=16.52 NAL=2 Slice:P Poc:6   I:277  P:125  SKIP:4548 size=5483 bytes
[libx264 @ 000001786f467fc0] frame=  28 QP=17.27 NAL=2 Slice:P Poc:8   I:384  P:76   SKIP:4490 size=7006 bytes
[libx264 @ 000001786f467fc0] frame=  29 QP=18.69 NAL=2 Slice:P Poc:10  I:335  P:87   SKIP:4528 size=6048 bytes
[libx264 @ 000001786f467fc0] frame=  30 QP=15.72 NAL=2 Slice:P Poc:12  I:257  P:126  SKIP:4567 size=5734 bytes
[libx264 @ 000001786f467fc0] frame=  31 QP=15.02 NAL=2 Slice:P Poc:14  I:293  P:128  SKIP:4529 size=5783 bytes
[libx264 @ 000001786f467fc0] frame=  32 QP=14.53 NAL=2 Slice:P Poc:16  I:325  P:98   SKIP:4527 size=6807 bytes
[libx264 @ 000001786f467fc0] frame=  33 QP=17.12 NAL=2 Slice:P Poc:18  I:281  P:117  SKIP:4552 size=5485 bytes
[libx264 @ 000001786f467fc0] frame=  34 QP=9.09 NAL=2 Slice:I Poc:20  I:4950 P:0    SKIP:0    size=11988 bytes
[libx264 @ 000001786f467fc0] frame=  35 QP=11.87 NAL=2 Slice:I Poc:22  I:4950 P:0    SKIP:0    size=9583 bytes
[libx264 @ 000001786f467fc0] frame=  36 QP=10.19 NAL=3 Slice:I Poc:0   I:4950 P:0    SKIP:0    size=9636 bytes
[libx264 @ 000001786f467fc0] frame=  37 QP=14.63 NAL=2 Slice:P Poc:2   I:329  P:90   SKIP:4531 size=5938 bytes
[libx264 @ 000001786f467fc0] frame=  38 QP=16.80 NAL=2 Slice:P Poc:4   I:288  P:121  SKIP:4541 size=6809 bytes
[libx264 @ 000001786f467fc0] frame=  39 QP=16.53 NAL=2 Slice:P Poc:6   I:280  P:125  SKIP:4545 size=5521 bytes
[libx264 @ 000001786f467fc0] frame=  40 QP=15.50 NAL=2 Slice:P Poc:8   I:415  P:87   SKIP:4448 size=7072 bytes
frame=   41 fps=0.0 q=-1.0 Lsize=     278kB time=00:00:03.33 bitrate= 682.3kbits/s speed=7.74x    
[AVIOContext @ 000001786f43b780] Statistics: 0 seeks, 1 writeouts
video:277kB audio:0kB subtitle:0kB other streams:0kB global headers:0kB muxing overhead: 0.357244%
Input file #0 (D:/FH/4 Semester/GDP/Mushroom/Animations/frame%04d.png):
  Input stream #0:0 (video): 41 packets read (4950602 bytes); 41 frames decoded; 
  Total: 41 packets (4950602 bytes) demuxed
Output file #0 (D:/FH/4 Semester/GDP/Mushroom/Animations/ShroomTest.mp4):
  Output stream #0:0 (video): 41 frames encoded; 41 packets muxed (283280 bytes); 
  Total: 41 packets (283280 bytes) muxed
41 frames successfully decoded, 0 decoding errors
[AVIOContext @ 000001786f4690c0] Statistics: 2 seeks, 5 writeouts
[libx264 @ 000001786f467fc0] frame I:12    Avg QP:10.73  size: 10762
[libx264 @ 000001786f467fc0] frame P:29    Avg QP:16.08  size:  5293
[libx264 @ 000001786f467fc0] mb I  I16..4: 93.9%  0.0%  6.1%
[libx264 @ 000001786f467fc0] mb P  I16..4:  1.8%  0.0%  3.5%  P16..4:  1.3%  0.5%  0.2%  0.0%  0.0%    skip:92.8%
[libx264 @ 000001786f467fc0] coded y,uvDC,uvAC intra: 9.4% 12.7% 12.0% inter: 0.6% 0.5% 0.2%
[libx264 @ 000001786f467fc0] i16 v,h,dc,p: 97%  1%  2%  0%
[libx264 @ 000001786f467fc0] i4 v,h,dc,ddl,ddr,vr,hd,vl,hu: 23%  9% 21%  8%  8% 12%  6%  9%  5%
[libx264 @ 000001786f467fc0] i8c dc,h,v,p: 93%  2%  4%  1%
[libx264 @ 000001786f467fc0] ref P L0: 55.4% 28.2% 16.4%
[libx264 @ 000001786f467fc0] kb/s:661.82
