ffmpeg version N-95015-gba24b24aab Copyright (c) 2000-2019 the FFmpeg developers
  built with gcc 9.2.1 (GCC) 20190918
  configuration: --enable-gpl --enable-version3 --enable-sdl2 --enable-fontconfig --enable-gnutls --enable-iconv --enable-libass --enable-libdav1d --enable-libbluray --enable-libfreetype --enable-libmp3lame --enable-libopencore-amrnb --enable-libopencore-amrwb --enable-libopenjpeg --enable-libopus --enable-libshine --enable-libsnappy --enable-libsoxr --enable-libtheora --enable-libtwolame --enable-libvpx --enable-libwavpack --enable-libwebp --enable-libx264 --enable-libx265 --enable-libxml2 --enable-libzimg --enable-lzma --enable-zlib --enable-gmp --enable-libvidstab --enable-libvorbis --enable-libvo-amrwbenc --enable-libmysofa --enable-libspeex --enable-libxvid --enable-libaom --enable-libmfx --enable-ffnvcodec --enable-cuvid --enable-d3d11va --enable-nvenc --enable-nvdec --enable-dxva2 --enable-avisynth --enable-libopenmpt --enable-amf
  libavutil      56. 35.100 / 56. 35.100
  libavcodec     58. 58.101 / 58. 58.101
  libavformat    58. 33.100 / 58. 33.100
  libavdevice    58.  9.100 / 58.  9.100
  libavfilter     7. 58.102 /  7. 58.102
  libswscale      5.  6.100 /  5.  6.100
  libswresample   3.  6.100 /  3.  6.100
  libpostproc    55.  6.100 / 55.  6.100
Splitting the commandline.
Reading option '-v' ... matched as option 'v' (set logging level) with argument 'debug'.
Reading option '-nostdin' ... matched as option 'stdin' (enable or disable interaction on standard input) with argument 0.
Reading option '-progress' ... matched as option 'progress' (write program-readable progress information) with argument 'C:/Users/Sarah/AppData/Local/Temp/KritaFFmpegProgress.xHflVy'.
Reading option '-r' ... matched as option 'r' (set frame rate (Hz value, fraction or abbreviation)) with argument '12'.
Reading option '-start_number' ... matched as AVOption 'start_number' with argument '0'.
Reading option '-i' ... matched as input url with argument 'D:/FH/4 Semester/GDP/Mushroom/Animations/frame%04d.png'.
Reading option '-vf' ... matched as option 'vf' (set video filters) with argument 'palettegen'.
Reading option '-y' ... matched as option 'y' (overwrite output files) with argument '1'.
Reading option 'D:/FH/4 Semester/GDP/Mushroom/Animations/palette.png' ... matched as output url.
Finished splitting the commandline.
Parsing a group of options: global .
Applying option v (set logging level) with argument debug.
Applying option nostdin (enable or disable interaction on standard input) with argument 0.
Applying option progress (write program-readable progress information) with argument C:/Users/Sarah/AppData/Local/Temp/KritaFFmpegProgress.xHflVy.
[file @ 0000019df7c9a1c0] Setting default whitelist 'file,crypto'
Applying option y (overwrite output files) with argument 1.
Successfully parsed a group of options.
Parsing a group of options: input url D:/FH/4 Semester/GDP/Mushroom/Animations/frame%04d.png.
Applying option r (set frame rate (Hz value, fraction or abbreviation)) with argument 12.
Successfully parsed a group of options.
Opening an input file: D:/FH/4 Semester/GDP/Mushroom/Animations/frame%04d.png.
[image2 @ 0000019df7cdb640] Opening 'D:/FH/4 Semester/GDP/Mushroom/Animations/frame0000.png' for reading
[file @ 0000019df7cdec80] Setting default whitelist 'file,crypto'
[AVIOContext @ 0000019df7ce6e40] Statistics: 124580 bytes read, 0 seeks
[image2 @ 0000019df7cdb640] Opening 'D:/FH/4 Semester/GDP/Mushroom/Animations/frame0001.png' for reading
[file @ 0000019df7d05880] Setting default whitelist 'file,crypto'
[AVIOContext @ 0000019df7d05a00] Statistics: 124580 bytes read, 0 seeks
[image2 @ 0000019df7cdb640] Opening 'D:/FH/4 Semester/GDP/Mushroom/Animations/frame0002.png' for reading
[file @ 0000019df7d05940] Setting default whitelist 'file,crypto'
[AVIOContext @ 0000019df7cded80] Statistics: 124580 bytes read, 0 seeks
[image2 @ 0000019df7cdb640] Opening 'D:/FH/4 Semester/GDP/Mushroom/Animations/frame0003.png' for reading
[file @ 0000019df7d05940] Setting default whitelist 'file,crypto'
[AVIOContext @ 0000019df7cdef40] Statistics: 116092 bytes read, 0 seeks
[image2 @ 0000019df7cdb640] Opening 'D:/FH/4 Semester/GDP/Mushroom/Animations/frame0004.png' for reading
[file @ 0000019df7d05940] Setting default whitelist 'file,crypto'
[AVIOContext @ 0000019df7cdf100] Statistics: 116092 bytes read, 0 seeks
[image2 @ 0000019df7cdb640] Opening 'D:/FH/4 Semester/GDP/Mushroom/Animations/frame0005.png' for reading
[file @ 0000019df7d05940] Setting default whitelist 'file,crypto'
[AVIOContext @ 0000019df7cdf2c0] Statistics: 102020 bytes read, 0 seeks
[image2 @ 0000019df7cdb640] Opening 'D:/FH/4 Semester/GDP/Mushroom/Animations/frame0006.png' for reading
[file @ 0000019df7d05940] Setting default whitelist 'file,crypto'
[AVIOContext @ 0000019df7cdf480] Statistics: 102020 bytes read, 0 seeks
[image2 @ 0000019df7cdb640] Opening 'D:/FH/4 Semester/GDP/Mushroom/Animations/frame0007.png' for reading
[file @ 0000019df7d05940] Setting default whitelist 'file,crypto'
[AVIOContext @ 0000019df7cdf640] Statistics: 119472 bytes read, 0 seeks
[image2 @ 0000019df7cdb640] Opening 'D:/FH/4 Semester/GDP/Mushroom/Animations/frame0008.png' for reading
[file @ 0000019df7d05940] Setting default whitelist 'file,crypto'
[AVIOContext @ 0000019df7cdf800] Statistics: 152784 bytes read, 0 seeks
[image2 @ 0000019df7cdb640] Opening 'D:/FH/4 Semester/GDP/Mushroom/Animations/frame0009.png' for reading
[file @ 0000019df7d05940] Setting default whitelist 'file,crypto'
[AVIOContext @ 0000019df7cdf9c0] Statistics: 168585 bytes read, 0 seeks
[image2 @ 0000019df7cdb640] Opening 'D:/FH/4 Semester/GDP/Mushroom/Animations/frame0010.png' for reading
[file @ 0000019df7d05940] Setting default whitelist 'file,crypto'
[AVIOContext @ 0000019df7ce0380] Statistics: 132348 bytes read, 0 seeks
[image2 @ 0000019df7cdb640] Opening 'D:/FH/4 Semester/GDP/Mushroom/Animations/frame0011.png' for reading
[file @ 0000019df7ce0380] Setting default whitelist 'file,crypto'
[AVIOContext @ 0000019df7ce0480] Statistics: 107445 bytes read, 0 seeks
[image2 @ 0000019df7cdb640] Opening 'D:/FH/4 Semester/GDP/Mushroom/Animations/frame0012.png' for reading
[file @ 0000019df7ce0380] Setting default whitelist 'file,crypto'
[AVIOContext @ 0000019df7ce0480] Statistics: 111025 bytes read, 0 seeks
[image2 @ 0000019df7cdb640] Opening 'D:/FH/4 Semester/GDP/Mushroom/Animations/frame0013.png' for reading
[file @ 0000019df7ce0380] Setting default whitelist 'file,crypto'
[AVIOContext @ 0000019df7ce0480] Statistics: 122722 bytes read, 0 seeks
[image2 @ 0000019df7cdb640] Opening 'D:/FH/4 Semester/GDP/Mushroom/Animations/frame0014.png' for reading
[file @ 0000019df7ce0380] Setting default whitelist 'file,crypto'
[AVIOContext @ 0000019df7ce0480] Statistics: 120548 bytes read, 0 seeks
[image2 @ 0000019df7cdb640] Opening 'D:/FH/4 Semester/GDP/Mushroom/Animations/frame0015.png' for reading
[file @ 0000019df7ce0380] Setting default whitelist 'file,crypto'
[AVIOContext @ 0000019df7ce0480] Statistics: 119330 bytes read, 0 seeks
[image2 @ 0000019df7cdb640] Opening 'D:/FH/4 Semester/GDP/Mushroom/Animations/frame0016.png' for reading
[file @ 0000019df7ce0380] Setting default whitelist 'file,crypto'
[AVIOContext @ 0000019df7ce0480] Statistics: 132348 bytes read, 0 seeks
[image2 @ 0000019df7cdb640] Opening 'D:/FH/4 Semester/GDP/Mushroom/Animations/frame0017.png' for reading
[file @ 0000019df7ce0380] Setting default whitelist 'file,crypto'
[AVIOContext @ 0000019df7ce0480] Statistics: 107445 bytes read, 0 seeks
[image2 @ 0000019df7cdb640] Opening 'D:/FH/4 Semester/GDP/Mushroom/Animations/frame0018.png' for reading
[file @ 0000019df7ce0380] Setting default whitelist 'file,crypto'
[AVIOContext @ 0000019df7ce0480] Statistics: 111025 bytes read, 0 seeks
[image2 @ 0000019df7cdb640] Opening 'D:/FH/4 Semester/GDP/Mushroom/Animations/frame0019.png' for reading
[file @ 0000019df7ce0380] Setting default whitelist 'file,crypto'
[AVIOContext @ 0000019df7ce0480] Statistics: 122722 bytes read, 0 seeks
[image2 @ 0000019df7cdb640] Opening 'D:/FH/4 Semester/GDP/Mushroom/Animations/frame0020.png' for reading
[file @ 0000019df7ce0380] Setting default whitelist 'file,crypto'
[AVIOContext @ 0000019df7ce0480] Statistics: 120548 bytes read, 0 seeks
[image2 @ 0000019df7cdb640] Opening 'D:/FH/4 Semester/GDP/Mushroom/Animations/frame0021.png' for reading
[file @ 0000019df7ce0380] Setting default whitelist 'file,crypto'
[AVIOContext @ 0000019df7ce0480] Statistics: 119330 bytes read, 0 seeks
[image2 @ 0000019df7cdb640] Opening 'D:/FH/4 Semester/GDP/Mushroom/Animations/frame0022.png' for reading
[file @ 0000019df7ce0380] Setting default whitelist 'file,crypto'
[AVIOContext @ 0000019df7ce0480] Statistics: 132348 bytes read, 0 seeks
[image2 @ 0000019df7cdb640] Opening 'D:/FH/4 Semester/GDP/Mushroom/Animations/frame0023.png' for reading
[file @ 0000019df7ce0380] Setting default whitelist 'file,crypto'
[AVIOContext @ 0000019df7ce0480] Statistics: 107445 bytes read, 0 seeks
[image2 @ 0000019df7cdb640] Opening 'D:/FH/4 Semester/GDP/Mushroom/Animations/frame0024.png' for reading
[file @ 0000019df7ce0380] Setting default whitelist 'file,crypto'
[AVIOContext @ 0000019df7ce0480] Statistics: 111025 bytes read, 0 seeks
[image2 @ 0000019df7cdb640] Opening 'D:/FH/4 Semester/GDP/Mushroom/Animations/frame0025.png' for reading
[file @ 0000019df7ce0380] Setting default whitelist 'file,crypto'
[AVIOContext @ 0000019df7ce0480] Statistics: 122722 bytes read, 0 seeks
[image2 @ 0000019df7cdb640] Opening 'D:/FH/4 Semester/GDP/Mushroom/Animations/frame0026.png' for reading
[file @ 0000019df7ce0380] Setting default whitelist 'file,crypto'
[AVIOContext @ 0000019df7ce0480] Statistics: 120548 bytes read, 0 seeks
[image2 @ 0000019df7cdb640] Opening 'D:/FH/4 Semester/GDP/Mushroom/Animations/frame0027.png' for reading
[file @ 0000019df7ce0380] Setting default whitelist 'file,crypto'
[AVIOContext @ 0000019df7ce0480] Statistics: 119330 bytes read, 0 seeks
[image2 @ 0000019df7cdb640] Opening 'D:/FH/4 Semester/GDP/Mushroom/Animations/frame0028.png' for reading
[file @ 0000019df7ce0380] Setting default whitelist 'file,crypto'
[AVIOContext @ 0000019df7ce0480] Statistics: 132348 bytes read, 0 seeks
[image2 @ 0000019df7cdb640] Opening 'D:/FH/4 Semester/GDP/Mushroom/Animations/frame0029.png' for reading
[file @ 0000019df7ce0380] Setting default whitelist 'file,crypto'
[AVIOContext @ 0000019df7ce0480] Statistics: 107445 bytes read, 0 seeks
[image2 @ 0000019df7cdb640] Opening 'D:/FH/4 Semester/GDP/Mushroom/Animations/frame0030.png' for reading
[file @ 0000019df7ce0380] Setting default whitelist 'file,crypto'
[AVIOContext @ 0000019df7ce0480] Statistics: 111025 bytes read, 0 seeks
[image2 @ 0000019df7cdb640] Opening 'D:/FH/4 Semester/GDP/Mushroom/Animations/frame0031.png' for reading
[file @ 0000019df7ce0380] Setting default whitelist 'file,crypto'
[AVIOContext @ 0000019df7ce0480] Statistics: 122722 bytes read, 0 seeks
[image2 @ 0000019df7cdb640] Opening 'D:/FH/4 Semester/GDP/Mushroom/Animations/frame0032.png' for reading
[file @ 0000019df7ce0380] Setting default whitelist 'file,crypto'
[AVIOContext @ 0000019df7ce0480] Statistics: 120548 bytes read, 0 seeks
[image2 @ 0000019df7cdb640] Opening 'D:/FH/4 Semester/GDP/Mushroom/Animations/frame0033.png' for reading
[file @ 0000019df7ce0380] Setting default whitelist 'file,crypto'
[AVIOContext @ 0000019df7ce0480] Statistics: 119330 bytes read, 0 seeks
[image2 @ 0000019df7cdb640] Opening 'D:/FH/4 Semester/GDP/Mushroom/Animations/frame0034.png' for reading
[file @ 0000019df7ce0380] Setting default whitelist 'file,crypto'
[AVIOContext @ 0000019df7ce0480] Statistics: 132348 bytes read, 0 seeks
[image2 @ 0000019df7cdb640] Opening 'D:/FH/4 Semester/GDP/Mushroom/Animations/frame0035.png' for reading
[file @ 0000019df7ce0380] Setting default whitelist 'file,crypto'
[AVIOContext @ 0000019df7ce0480] Statistics: 107445 bytes read, 0 seeks
[image2 @ 0000019df7cdb640] Opening 'D:/FH/4 Semester/GDP/Mushroom/Animations/frame0036.png' for reading
[file @ 0000019df7ce0380] Setting default whitelist 'file,crypto'
[AVIOContext @ 0000019df7ce0480] Statistics: 111025 bytes read, 0 seeks
[image2 @ 0000019df7cdb640] Opening 'D:/FH/4 Semester/GDP/Mushroom/Animations/frame0037.png' for reading
[file @ 0000019df7ce0380] Setting default whitelist 'file,crypto'
[AVIOContext @ 0000019df7ce0480] Statistics: 122722 bytes read, 0 seeks
[image2 @ 0000019df7cdb640] Opening 'D:/FH/4 Semester/GDP/Mushroom/Animations/frame0038.png' for reading
[file @ 0000019df7ce0380] Setting default whitelist 'file,crypto'
[AVIOContext @ 0000019df7ce0480] Statistics: 120548 bytes read, 0 seeks
[image2 @ 0000019df7cdb640] Opening 'D:/FH/4 Semester/GDP/Mushroom/Animations/frame0039.png' for reading
[file @ 0000019df7ce0380] Setting default whitelist 'file,crypto'
[AVIOContext @ 0000019df7ce0480] Statistics: 119330 bytes read, 0 seeks
[image2 @ 0000019df7cdb640] Opening 'D:/FH/4 Semester/GDP/Mushroom/Animations/frame0040.png' for reading
[file @ 0000019df7ce0380] Setting default whitelist 'file,crypto'
[AVIOContext @ 0000019df7ce0480] Statistics: 132707 bytes read, 0 seeks
Input #0, image2, from 'D:/FH/4 Semester/GDP/Mushroom/Animations/frame%04d.png':
  Duration: 00:00:01.64, start: 0.000000, bitrate: N/A
    Stream #0:0, 41, 1/25: Video: png, 1 reference frame, rgba(pc), 1200x1050 [SAR 7874:7874 DAR 8:7], 0/1, 25 fps, 25 tbr, 25 tbn, 25 tbc
Successfully opened the file.
Parsing a group of options: output url D:/FH/4 Semester/GDP/Mushroom/Animations/palette.png.
Applying option vf (set video filters) with argument palettegen.
Successfully parsed a group of options.
Opening an output file: D:/FH/4 Semester/GDP/Mushroom/Animations/palette.png.
Successfully opened the file.
detected 12 logical cores
Stream mapping:
  Stream #0:0 -> #0:0 (png (native) -> png (native))
cur_dts is invalid st:0 (0) [init:0 i_done:0 finish:0] (this is harmless if it occurs once at the start per stream)
    Last message repeated 12 times
[graph 0 input from stream 0:0 @ 0000019df7cdf940] Setting 'video_size' to value '1200x1050'
[graph 0 input from stream 0:0 @ 0000019df7cdf940] Setting 'pix_fmt' to value '26'
[graph 0 input from stream 0:0 @ 0000019df7cdf940] Setting 'time_base' to value '1/12'
[graph 0 input from stream 0:0 @ 0000019df7cdf940] Setting 'pixel_aspect' to value '7874/7874'
[graph 0 input from stream 0:0 @ 0000019df7cdf940] Setting 'sws_param' to value 'flags=2'
[graph 0 input from stream 0:0 @ 0000019df7cdf940] Setting 'frame_rate' to value '12/1'
[graph 0 input from stream 0:0 @ 0000019df7cdf940] w:1200 h:1050 pixfmt:rgba tb:1/12 fr:12/1 sar:7874/7874 sws_param:flags=2
[format @ 0000019df7cdf5c0] Setting 'pix_fmts' to value 'rgb24|rgba|rgb48be|rgba64be|pal8|gray|ya8|gray16be|ya16be|monob'
[auto_scaler_0 @ 0000019df7cdeec0] Setting 'flags' to value 'bicubic'
[auto_scaler_0 @ 0000019df7cdeec0] w:iw h:ih flags:'bicubic' interl:0
[Parsed_palettegen_0 @ 0000019df7cded00] auto-inserting filter 'auto_scaler_0' between the filter 'graph 0 input from stream 0:0' and the filter 'Parsed_palettegen_0'
[auto_scaler_1 @ 0000019df8b2fbc0] Setting 'flags' to value 'bicubic'
[auto_scaler_1 @ 0000019df8b2fbc0] w:iw h:ih flags:'bicubic' interl:0
[format @ 0000019df7cdf5c0] auto-inserting filter 'auto_scaler_1' between the filter 'Parsed_palettegen_0' and the filter 'format'
[AVFilterGraph @ 0000019df7d53f80] query_formats: 4 queried, 1 merged, 2 already done, 0 delayed
[auto_scaler_1 @ 0000019df8b2fbc0] picking rgba out of 10 ref:bgra alpha:1
[swscaler @ 0000019df8a21f40] Forcing full internal H chroma due to input having non subsampled chroma
[auto_scaler_0 @ 0000019df7cdeec0] w:1200 h:1050 fmt:rgba sar:7874/7874 -> w:1200 h:1050 fmt:bgra sar:1/1 flags:0x4
[swscaler @ 0000019df8b32ac0] Forcing full internal H chroma due to input having non subsampled chroma
[auto_scaler_1 @ 0000019df8b2fbc0] w:16 h:16 fmt:bgra sar:1/1 -> w:16 h:16 fmt:rgba sar:1/1 flags:0x4
Output #0, image2, to 'D:/FH/4 Semester/GDP/Mushroom/Animations/palette.png':
  Metadata:
    encoder         : Lavf58.33.100
    Stream #0:0, 0, 1/12: Video: png, 1 reference frame, rgba, 16x16 [SAR 1:1 DAR 1:1], 0/1, q=2-31, 200 kb/s, 12 fps, 12 tbn, 12 tbc
    Metadata:
      encoder         : Lavc58.58.101 png
cur_dts is invalid st:0 (0) [init:1 i_done:0 finish:0] (this is harmless if it occurs once at the start per stream)
    Last message repeated 40 times
[Parsed_palettegen_0 @ 0000019df7cded00] 235(+1) colors generated out of 235 colors; ratio=1.000000
cur_dts is invalid st:0 (0) [init:1 i_done:0 finish:0] (this is harmless if it occurs once at the start per stream)
Clipping frame in rate conversion by 0.000008
cur_dts is invalid st:0 (0) [init:1 i_done:0 finish:0] (this is harmless if it occurs once at the start per stream)
[out_0_0 @ 0000019df7cdf400] EOF on sink link out_0_0:default.
No more output streams to write to, finishing.
[image2 @ 0000019df7cddc80] Opening 'D:/FH/4 Semester/GDP/Mushroom/Animations/palette.png' for writing
[file @ 0000019df7cdf840] Setting default whitelist 'file,crypto'
[AVIOContext @ 0000019df8a1d000] Statistics: 0 seeks, 1 writeouts
frame=    1 fps=0.0 q=-0.0 Lsize=N/A time=00:00:00.08 bitrate=N/A speed=0.247x    
[AVIOContext @ 0000019df7cdb4c0] Statistics: 0 seeks, 1 writeouts
video:1kB audio:0kB subtitle:0kB other streams:0kB global headers:0kB muxing overhead: unknown
Input file #0 (D:/FH/4 Semester/GDP/Mushroom/Animations/frame%04d.png):
  Input stream #0:0 (video): 41 packets read (4950602 bytes); 41 frames decoded; 
  Total: 41 packets (4950602 bytes) demuxed
Output file #0 (D:/FH/4 Semester/GDP/Mushroom/Animations/palette.png):
  Output stream #0:0 (video): 1 frames encoded; 1 packets muxed (802 bytes); 
  Total: 1 packets (802 bytes) muxed
41 frames successfully decoded, 0 decoding errors
